https://www.gumtree.com/p/video-cards-sound-cards/ati-radeon-hd-4890/1299518372
https://www.gumtree.com/p/video-cards-sound-cards/perfect-working-order-geforce-gtx-560-ti-/1301090635
https://www.gumtree.com/p/video-cards-sound-cards/evga-gtx-780-classified-graphics-card/1301083256
https://www.gumtree.com/p/video-cards-sound-cards/gigabyte-gtx-1050-2gb-oc-graphics-card/1301056243
https://www.gumtree.com/p/video-cards-sound-cards/xfx-r9-380x-4gb-graphics-card/1301049413
https://www.gumtree.com/p/video-cards-sound-cards/gigabyte-3gb-1060-brand-new-sell-or-swap-with-6g/1301021506
https://www.gumtree.com/p/video-cards-sound-cards/palit-nvidia-gtx-1060-6gb-hardly-used/1301002103
https://www.gumtree.com/p/video-cards-sound-cards/gigabyte-gtx-970-g1-gaming/1300989495
https://www.gumtree.com/p/video-cards-sound-cards/msi-gtx-560-ti-1gb-gddr5-nvidia-geforce-graphics-card/1300980360
https://www.gumtree.com/p/video-cards-sound-cards/gamemax-iceberg-240-dual-rad-water-cooler-/1300970051
https://www.gumtree.com/p/video-cards-sound-cards/msi-radeon-rx-470-gaming-x-4gb-new-still-availiable-/1300901994
https://www.gumtree.com/p/video-cards-sound-cards/msi-r9-390x-gaming-8gb-new-still-availiable-/1300900992
https://www.gumtree.com/p/video-cards-sound-cards/quick-sale-nvidia-gtx970-/1300850370
https://www.gumtree.com/p/video-cards-sound-cards/matrox-m9148-e1024/1300836862
https://www.gumtree.com/p/video-cards-sound-cards/nvidia-nvs310/1300835103
https://www.gumtree.com/p/video-cards-sound-cards/gtx-evga-770-graphics-card-for-sale-£90/1300780041
https://www.gumtree.com/p/video-cards-sound-cards/6-graphic-cards-for-mining-rig/1300683497
https://www.gumtree.com/p/video-cards-sound-cards/nvidia-graphics-card-model-unknown-open-to-offers-/1300646377
https://www.gumtree.com/p/video-cards-sound-cards/asus-radeon-r9-280x-3gb/1300612276
https://www.gumtree.com/p/video-cards-sound-cards/gigabyte-gtx-1070-8gb/1300565618
https://www.gumtree.com/p/video-cards-sound-cards/asus-gtx-1070-8gb-dual/1300565494
https://www.gumtree.com/p/video-cards-sound-cards/gtx-980-ti-msi-gaming-6g-box-only/1300394347
https://www.gumtree.com/p/video-cards-sound-cards/saphire-dual-x-amd-r9-280x/1300378400
https://www.gumtree.com/p/video-cards-sound-cards/usb-5.1-sound-card/1300372737
https://www.gumtree.com/p/video-cards-sound-cards/pci-video-graphics-card-nvidia-quadro-nva-p538-/1300322486
https://www.gumtree.com/p/video-cards-sound-cards/asus-gtx-970-strix-oc-used-still-availiable-/1300304420
https://www.gumtree.com/p/video-cards-sound-cards/palit-nvidia-gtx-1060-6gb-hardly-used/1301002103
https://www.gumtree.com/p/desktop-workstation-pcs/19-gpu-mining-rig-open-frame-usb-risers-100-fire-proof-aluminum-ethereum-monero-zencash/1275977946
https://www.gumtree.com/p/desktop-workstation-pcs/cheap-hp-z220-tower-workstation-perfect-as-a-render-slave-or-cad-works/1299934271
https://www.gumtree.com/p/desktop-workstation-pcs/dell-optiplex-7010-i5-4gb-ram-250gb-storage-pc/1300267299
https://www.gumtree.com/p/desktop-workstation-pcs/apple-g5-tower-/1301092277
https://www.gumtree.com/p/desktop-workstation-pcs/hp-8100-elite-sff-desktop-pc-computer-intel-i5-processor-12gb-ram-dual-monitor-graphics/1301089566
https://www.gumtree.com/p/desktop-workstation-pcs/3xrm-ascend-1010b-computers-all-working-/1301089256
https://www.gumtree.com/p/desktop-workstation-pcs/imac-24-inch-early-2009-/1301088507
https://www.gumtree.com/p/desktop-workstation-pcs/rmone-core2duo-4gb-ram-160gb-harddrive-dvdrw-windows-7-office/1301088148
https://www.gumtree.com/p/desktop-workstation-pcs/asus-core2duo-e7600-3.06ghz-250gb-hd-4gb-ram-wifi-dvd-rw-ready-to-use/1301087507
https://www.gumtree.com/p/desktop-workstation-pcs/rmone-core2duo-windows7-4gb-ram.160gb-hardrive.office-wifi-ready-to-use/1301087233
https://www.gumtree.com/p/desktop-workstation-pcs/packard-bell-pc-monitor-k-m-amd-2.2ghz-win-7-office-2010-all-in-one-computer-desktop-pc/1301087209
https://www.gumtree.com/p/desktop-workstation-pcs/hp-dell-ibm-pc-dual-core-core2duo-2-4gb-ram-dvd-free-wifi-ready-to-use.price-from-35/1301087120
https://www.gumtree.com/p/desktop-workstation-pcs/dell-optiplex-3011-touchscreen-core-i5-3470s-2.90ghz-8gb-ram-500gb-hdd-windows-10/1301086963
https://www.gumtree.com/p/desktop-workstation-pcs/hp-compaq-6005-pro-sff-pc-amd-athlon-ii-x2-300gb-6gb-ram-win-7-pro-64-bit/1301086769
https://www.gumtree.com/p/desktop-workstation-pcs/sony-vaio-rare-retro-pc-all-in-one/1301086404
https://www.gumtree.com/p/desktop-workstation-pcs/dell-dual-core-windows7-office-dvd-wifi-ready-to-use-from-e10-5pw/1301086394
https://www.gumtree.com/p/desktop-workstation-pcs/lenovo-m71z-20-inch-pc-g630-4gb-ram-250gb-harddrive-win7-webcam/1301085697
https://www.gumtree.com/p/desktop-workstation-pcs/glazier-computer-table-/1301084518
https://www.gumtree.com/p/desktop-workstation-pcs/mac-pc/1301082857
https://www.gumtree.com/p/desktop-workstation-pcs/hp-proliant-ml150-g2-computer-server-fully-working-desktop-server-pc-with-windows-xp-320gb/1301081963
https://www.gumtree.com/p/desktop-workstation-pcs/3-desktop-computers-were-running-windows-xp-hard-drives-are-removed-fully-working-£20-each/1301081151
https://www.gumtree.com/p/desktop-workstation-pcs/imac-20-complete-with-mouse-keyboard-specs-in-the-pictures-/1301077309
https://www.gumtree.com/p/desktop-workstation-pcs/computer-table-and-printer-workstation/1301073757
https://www.gumtree.com/p/desktop-workstation-pcs/viewsonic-touch-screen-all-in-one-pc.-/1301069784
https://www.gumtree.com/p/desktop-workstation-pcs/-hp-computer-pc-desktop/1301064239
https://www.gumtree.com/p/desktop-workstation-pcs/hp-500b-intel-pentium-dual-core-pc-2gb-ram-320gb-hard-drive-windows-7-pc/1301062917
https://www.gumtree.com/p/desktop-workstation-pcs/dell-20-monitor-2007fpb/1301062763
https://www.gumtree.com/p/desktop-workstation-pcs/4gb-2x2gb-hynix-laptop-memory-/1301060409
